<?xml version="1.0" encoding="UTF-8"?>
<!-- Generated by org.testng.reporters.JUnitReportReporter -->
<testsuite skipped="0" hostname="vt1056" name="com.qa.runner.TestNGRunner" tests="1" failures="0" timestamp="2019-12-02T17:33:33 IST" time="30.968" errors="0">
  <testcase name="feature" time="30.968" classname="com.qa.runner.TestNGRunner"/>
</testsuite> <!-- com.qa.runner.TestNGRunner -->
