<?xml version="1.0" encoding="UTF-8"?>
<!-- Generated by org.testng.reporters.JUnitReportReporter -->
<testsuite skipped="0" hostname="vt1056" name="com.qa.runner.TestNGRunner" tests="1" failures="0" timestamp="2019-12-02T18:03:54 IST" time="32.140" errors="0">
  <testcase name="feature" time="32.140" classname="com.qa.runner.TestNGRunner"/>
</testsuite> <!-- com.qa.runner.TestNGRunner -->
